[2024-11-28 13:43:59] local.ERROR: syntax error, unexpected token "use" {"exception":"[object] (ParseError(code: 0): syntax error, unexpected token \"use\" at D:\\Kuliah\\Semester 3\\Modul 12\\modul12\\routes\\web.php:3)
[stacktrace]
#0 D:\\Kuliah\\Semester 3\\Modul 12\\modul12\\vendor\\laravel\\framework\\src\\Illuminate\\Routing\\Router.php(511): Illuminate\\Routing\\RouteFileRegistrar->register('D:\\\\Kuliah\\\\Semes...')
#1 D:\\Kuliah\\Semester 3\\Modul 12\\modul12\\vendor\\laravel\\framework\\src\\Illuminate\\Routing\\Router.php(465): Illuminate\\Routing\\Router->loadRoutes('D:\\\\Kuliah\\\\Semes...')
#2 D:\\Kuliah\\Semester 3\\Modul 12\\modul12\\vendor\\laravel\\framework\\src\\Illuminate\\Routing\\RouteRegistrar.php(194): Illuminate\\Routing\\Router->group(Array, 'D:\\\\Kuliah\\\\Semes...')
#3 D:\\Kuliah\\Semester 3\\Modul 12\\modul12\\app\\Providers\\RouteServiceProvider.php(35): Illuminate\\Routing\\RouteRegistrar->group('D:\\\\Kuliah\\\\Semes...')
#4 D:\\Kuliah\\Semester 3\\Modul 12\\modul12\\vendor\\laravel\\framework\\src\\Illuminate\\Container\\BoundMethod.php(36): App\\Providers\\RouteServiceProvider->App\\Providers\\{closure}()
#5 D:\\Kuliah\\Semester 3\\Modul 12\\modul12\\vendor\\laravel\\framework\\src\\Illuminate\\Container\\Util.php(41): Illuminate\\Container\\BoundMethod::Illuminate\\Container\\{closure}()
#6 D:\\Kuliah\\Semester 3\\Modul 12\\modul12\\vendor\\laravel\\framework\\src\\Illuminate\\Container\\BoundMethod.php(81): Illuminate\\Container\\Util::unwrapIfClosure(Object(Closure))
#7 D:\\Kuliah\\Semester 3\\Modul 12\\modul12\\vendor\\laravel\\framework\\src\\Illuminate\\Container\\BoundMethod.php(35): Illuminate\\Container\\BoundMethod::callBoundMethod(Object(Illuminate\\Foundation\\Application), Object(Closure), Object(Closure))
#8 D:\\Kuliah\\Semester 3\\Modul 12\\modul12\\vendor\\laravel\\framework\\src\\Illuminate\\Container\\Container.php(662): Illuminate\\Container\\BoundMethod::call(Object(Illuminate\\Foundation\\Application), Object(Closure), Array, NULL)
#9 D:\\Kuliah\\Semester 3\\Modul 12\\modul12\\vendor\\laravel\\framework\\src\\Illuminate\\Foundation\\Support\\Providers\\RouteServiceProvider.php(120): Illuminate\\Container\\Container->call(Object(Closure))
#10 D:\\Kuliah\\Semester 3\\Modul 12\\modul12\\vendor\\laravel\\framework\\src\\Illuminate\\Foundation\\Support\\Providers\\RouteServiceProvider.php(45): Illuminate\\Foundation\\Support\\Providers\\RouteServiceProvider->loadRoutes()
#11 D:\\Kuliah\\Semester 3\\Modul 12\\modul12\\vendor\\laravel\\framework\\src\\Illuminate\\Container\\BoundMethod.php(36): Illuminate\\Foundation\\Support\\Providers\\RouteServiceProvider->Illuminate\\Foundation\\Support\\Providers\\{closure}()
#12 D:\\Kuliah\\Semester 3\\Modul 12\\modul12\\vendor\\laravel\\framework\\src\\Illuminate\\Container\\Util.php(41): Illuminate\\Container\\BoundMethod::Illuminate\\Container\\{closure}()
#13 D:\\Kuliah\\Semester 3\\Modul 12\\modul12\\vendor\\laravel\\framework\\src\\Illuminate\\Container\\BoundMethod.php(81): Illuminate\\Container\\Util::unwrapIfClosure(Object(Closure))
#14 D:\\Kuliah\\Semester 3\\Modul 12\\modul12\\vendor\\laravel\\framework\\src\\Illuminate\\Container\\BoundMethod.php(35): Illuminate\\Container\\BoundMethod::callBoundMethod(Object(Illuminate\\Foundation\\Application), Object(Closure), Object(Closure))
#15 D:\\Kuliah\\Semester 3\\Modul 12\\modul12\\vendor\\laravel\\framework\\src\\Illuminate\\Container\\Container.php(662): Illuminate\\Container\\BoundMethod::call(Object(Illuminate\\Foundation\\Application), Object(Closure), Array, NULL)
#16 D:\\Kuliah\\Semester 3\\Modul 12\\modul12\\vendor\\laravel\\framework\\src\\Illuminate\\Support\\ServiceProvider.php(119): Illuminate\\Container\\Container->call(Object(Closure))
#17 D:\\Kuliah\\Semester 3\\Modul 12\\modul12\\vendor\\laravel\\framework\\src\\Illuminate\\Foundation\\Application.php(1039): Illuminate\\Support\\ServiceProvider->callBootedCallbacks()
#18 D:\\Kuliah\\Semester 3\\Modul 12\\modul12\\vendor\\laravel\\framework\\src\\Illuminate\\Foundation\\Application.php(1017): Illuminate\\Foundation\\Application->bootProvider(Object(App\\Providers\\RouteServiceProvider))
#19 [internal function]: Illuminate\\Foundation\\Application->Illuminate\\Foundation\\{closure}(Object(App\\Providers\\RouteServiceProvider), 24)
#20 D:\\Kuliah\\Semester 3\\Modul 12\\modul12\\vendor\\laravel\\framework\\src\\Illuminate\\Foundation\\Application.php(1016): array_walk(Array, Object(Closure))
#21 D:\\Kuliah\\Semester 3\\Modul 12\\modul12\\vendor\\laravel\\framework\\src\\Illuminate\\Foundation\\Bootstrap\\BootProviders.php(17): Illuminate\\Foundation\\Application->boot()
#22 D:\\Kuliah\\Semester 3\\Modul 12\\modul12\\vendor\\laravel\\framework\\src\\Illuminate\\Foundation\\Application.php(263): Illuminate\\Foundation\\Bootstrap\\BootProviders->bootstrap(Object(Illuminate\\Foundation\\Application))
#23 D:\\Kuliah\\Semester 3\\Modul 12\\modul12\\vendor\\laravel\\framework\\src\\Illuminate\\Foundation\\Http\\Kernel.php(186): Illuminate\\Foundation\\Application->bootstrapWith(Array)
#24 D:\\Kuliah\\Semester 3\\Modul 12\\modul12\\vendor\\laravel\\framework\\src\\Illuminate\\Foundation\\Http\\Kernel.php(170): Illuminate\\Foundation\\Http\\Kernel->bootstrap()
#25 D:\\Kuliah\\Semester 3\\Modul 12\\modul12\\vendor\\laravel\\framework\\src\\Illuminate\\Foundation\\Http\\Kernel.php(144): Illuminate\\Foundation\\Http\\Kernel->sendRequestThroughRouter(Object(Illuminate\\Http\\Request))
#26 D:\\Kuliah\\Semester 3\\Modul 12\\modul12\\public\\index.php(51): Illuminate\\Foundation\\Http\\Kernel->handle(Object(Illuminate\\Http\\Request))
#27 D:\\Kuliah\\Semester 3\\Modul 12\\modul12\\vendor\\laravel\\framework\\src\\Illuminate\\Foundation\\resources\\server.php(16): require_once('D:\\\\Kuliah\\\\Semes...')
#28 {main}
"} 
[2024-11-28 13:54:26] local.ERROR: Invalid route action: [ProfileController]. {"exception":"[object] (UnexpectedValueException(code: 0): Invalid route action: [ProfileController]. at D:\\Kuliah\\Semester 3\\Modul 12\\modul12\\vendor\\laravel\\framework\\src\\Illuminate\\Routing\\RouteAction.php:92)
[stacktrace]
#0 D:\\Kuliah\\Semester 3\\Modul 12\\modul12\\vendor\\laravel\\framework\\src\\Illuminate\\Routing\\RouteAction.php(47): Illuminate\\Routing\\RouteAction::makeInvokable('ProfileControll...')
#1 D:\\Kuliah\\Semester 3\\Modul 12\\modul12\\vendor\\laravel\\framework\\src\\Illuminate\\Routing\\Route.php(191): Illuminate\\Routing\\RouteAction::parse('profile', Array)
#2 D:\\Kuliah\\Semester 3\\Modul 12\\modul12\\vendor\\laravel\\framework\\src\\Illuminate\\Routing\\Route.php(172): Illuminate\\Routing\\Route->parseAction(Array)
#3 D:\\Kuliah\\Semester 3\\Modul 12\\modul12\\vendor\\laravel\\framework\\src\\Illuminate\\Routing\\Router.php(669): Illuminate\\Routing\\Route->__construct(Array, 'profile', Array)
#4 D:\\Kuliah\\Semester 3\\Modul 12\\modul12\\vendor\\laravel\\framework\\src\\Illuminate\\Routing\\Router.php(561): Illuminate\\Routing\\Router->newRoute(Array, 'profile', Array)
#5 D:\\Kuliah\\Semester 3\\Modul 12\\modul12\\vendor\\laravel\\framework\\src\\Illuminate\\Routing\\Router.php(541): Illuminate\\Routing\\Router->createRoute(Array, 'profile', Array)
#6 D:\\Kuliah\\Semester 3\\Modul 12\\modul12\\vendor\\laravel\\framework\\src\\Illuminate\\Routing\\Router.php(159): Illuminate\\Routing\\Router->addRoute(Array, 'profile', 'ProfileControll...')
#7 D:\\Kuliah\\Semester 3\\Modul 12\\modul12\\vendor\\laravel\\framework\\src\\Illuminate\\Support\\Facades\\Facade.php(355): Illuminate\\Routing\\Router->get('profile', 'ProfileControll...')
#8 D:\\Kuliah\\Semester 3\\Modul 12\\modul12\\routes\\web.php(24): Illuminate\\Support\\Facades\\Facade::__callStatic('get', Array)
#9 D:\\Kuliah\\Semester 3\\Modul 12\\modul12\\vendor\\laravel\\framework\\src\\Illuminate\\Routing\\RouteFileRegistrar.php(35): require('D:\\\\Kuliah\\\\Semes...')
#10 D:\\Kuliah\\Semester 3\\Modul 12\\modul12\\vendor\\laravel\\framework\\src\\Illuminate\\Routing\\Router.php(511): Illuminate\\Routing\\RouteFileRegistrar->register('D:\\\\Kuliah\\\\Semes...')
#11 D:\\Kuliah\\Semester 3\\Modul 12\\modul12\\vendor\\laravel\\framework\\src\\Illuminate\\Routing\\Router.php(465): Illuminate\\Routing\\Router->loadRoutes('D:\\\\Kuliah\\\\Semes...')
#12 D:\\Kuliah\\Semester 3\\Modul 12\\modul12\\vendor\\laravel\\framework\\src\\Illuminate\\Routing\\RouteRegistrar.php(194): Illuminate\\Routing\\Router->group(Array, 'D:\\\\Kuliah\\\\Semes...')
#13 D:\\Kuliah\\Semester 3\\Modul 12\\modul12\\app\\Providers\\RouteServiceProvider.php(35): Illuminate\\Routing\\RouteRegistrar->group('D:\\\\Kuliah\\\\Semes...')
#14 D:\\Kuliah\\Semester 3\\Modul 12\\modul12\\vendor\\laravel\\framework\\src\\Illuminate\\Container\\BoundMethod.php(36): App\\Providers\\RouteServiceProvider->App\\Providers\\{closure}()
#15 D:\\Kuliah\\Semester 3\\Modul 12\\modul12\\vendor\\laravel\\framework\\src\\Illuminate\\Container\\Util.php(41): Illuminate\\Container\\BoundMethod::Illuminate\\Container\\{closure}()
#16 D:\\Kuliah\\Semester 3\\Modul 12\\modul12\\vendor\\laravel\\framework\\src\\Illuminate\\Container\\BoundMethod.php(81): Illuminate\\Container\\Util::unwrapIfClosure(Object(Closure))
#17 D:\\Kuliah\\Semester 3\\Modul 12\\modul12\\vendor\\laravel\\framework\\src\\Illuminate\\Container\\BoundMethod.php(35): Illuminate\\Container\\BoundMethod::callBoundMethod(Object(Illuminate\\Foundation\\Application), Object(Closure), Object(Closure))
#18 D:\\Kuliah\\Semester 3\\Modul 12\\modul12\\vendor\\laravel\\framework\\src\\Illuminate\\Container\\Container.php(662): Illuminate\\Container\\BoundMethod::call(Object(Illuminate\\Foundation\\Application), Object(Closure), Array, NULL)
#19 D:\\Kuliah\\Semester 3\\Modul 12\\modul12\\vendor\\laravel\\framework\\src\\Illuminate\\Foundation\\Support\\Providers\\RouteServiceProvider.php(120): Illuminate\\Container\\Container->call(Object(Closure))
#20 D:\\Kuliah\\Semester 3\\Modul 12\\modul12\\vendor\\laravel\\framework\\src\\Illuminate\\Foundation\\Support\\Providers\\RouteServiceProvider.php(45): Illuminate\\Foundation\\Support\\Providers\\RouteServiceProvider->loadRoutes()
#21 D:\\Kuliah\\Semester 3\\Modul 12\\modul12\\vendor\\laravel\\framework\\src\\Illuminate\\Container\\BoundMethod.php(36): Illuminate\\Foundation\\Support\\Providers\\RouteServiceProvider->Illuminate\\Foundation\\Support\\Providers\\{closure}()
#22 D:\\Kuliah\\Semester 3\\Modul 12\\modul12\\vendor\\laravel\\framework\\src\\Illuminate\\Container\\Util.php(41): Illuminate\\Container\\BoundMethod::Illuminate\\Container\\{closure}()
#23 D:\\Kuliah\\Semester 3\\Modul 12\\modul12\\vendor\\laravel\\framework\\src\\Illuminate\\Container\\BoundMethod.php(81): Illuminate\\Container\\Util::unwrapIfClosure(Object(Closure))
#24 D:\\Kuliah\\Semester 3\\Modul 12\\modul12\\vendor\\laravel\\framework\\src\\Illuminate\\Container\\BoundMethod.php(35): Illuminate\\Container\\BoundMethod::callBoundMethod(Object(Illuminate\\Foundation\\Application), Object(Closure), Object(Closure))
#25 D:\\Kuliah\\Semester 3\\Modul 12\\modul12\\vendor\\laravel\\framework\\src\\Illuminate\\Container\\Container.php(662): Illuminate\\Container\\BoundMethod::call(Object(Illuminate\\Foundation\\Application), Object(Closure), Array, NULL)
#26 D:\\Kuliah\\Semester 3\\Modul 12\\modul12\\vendor\\laravel\\framework\\src\\Illuminate\\Support\\ServiceProvider.php(119): Illuminate\\Container\\Container->call(Object(Closure))
#27 D:\\Kuliah\\Semester 3\\Modul 12\\modul12\\vendor\\laravel\\framework\\src\\Illuminate\\Foundation\\Application.php(1039): Illuminate\\Support\\ServiceProvider->callBootedCallbacks()
#28 D:\\Kuliah\\Semester 3\\Modul 12\\modul12\\vendor\\laravel\\framework\\src\\Illuminate\\Foundation\\Application.php(1017): Illuminate\\Foundation\\Application->bootProvider(Object(App\\Providers\\RouteServiceProvider))
#29 [internal function]: Illuminate\\Foundation\\Application->Illuminate\\Foundation\\{closure}(Object(App\\Providers\\RouteServiceProvider), 24)
#30 D:\\Kuliah\\Semester 3\\Modul 12\\modul12\\vendor\\laravel\\framework\\src\\Illuminate\\Foundation\\Application.php(1016): array_walk(Array, Object(Closure))
#31 D:\\Kuliah\\Semester 3\\Modul 12\\modul12\\vendor\\laravel\\framework\\src\\Illuminate\\Foundation\\Bootstrap\\BootProviders.php(17): Illuminate\\Foundation\\Application->boot()
#32 D:\\Kuliah\\Semester 3\\Modul 12\\modul12\\vendor\\laravel\\framework\\src\\Illuminate\\Foundation\\Application.php(263): Illuminate\\Foundation\\Bootstrap\\BootProviders->bootstrap(Object(Illuminate\\Foundation\\Application))
#33 D:\\Kuliah\\Semester 3\\Modul 12\\modul12\\vendor\\laravel\\framework\\src\\Illuminate\\Foundation\\Http\\Kernel.php(186): Illuminate\\Foundation\\Application->bootstrapWith(Array)
#34 D:\\Kuliah\\Semester 3\\Modul 12\\modul12\\vendor\\laravel\\framework\\src\\Illuminate\\Foundation\\Http\\Kernel.php(170): Illuminate\\Foundation\\Http\\Kernel->bootstrap()
#35 D:\\Kuliah\\Semester 3\\Modul 12\\modul12\\vendor\\laravel\\framework\\src\\Illuminate\\Foundation\\Http\\Kernel.php(144): Illuminate\\Foundation\\Http\\Kernel->sendRequestThroughRouter(Object(Illuminate\\Http\\Request))
#36 D:\\Kuliah\\Semester 3\\Modul 12\\modul12\\public\\index.php(51): Illuminate\\Foundation\\Http\\Kernel->handle(Object(Illuminate\\Http\\Request))
#37 D:\\Kuliah\\Semester 3\\Modul 12\\modul12\\vendor\\laravel\\framework\\src\\Illuminate\\Foundation\\resources\\server.php(16): require_once('D:\\\\Kuliah\\\\Semes...')
#38 {main}
"} 
[2024-11-28 13:54:37] local.ERROR: Invalid route action: [ProfileController]. {"exception":"[object] (UnexpectedValueException(code: 0): Invalid route action: [ProfileController]. at D:\\Kuliah\\Semester 3\\Modul 12\\modul12\\vendor\\laravel\\framework\\src\\Illuminate\\Routing\\RouteAction.php:92)
[stacktrace]
#0 D:\\Kuliah\\Semester 3\\Modul 12\\modul12\\vendor\\laravel\\framework\\src\\Illuminate\\Routing\\RouteAction.php(47): Illuminate\\Routing\\RouteAction::makeInvokable('ProfileControll...')
#1 D:\\Kuliah\\Semester 3\\Modul 12\\modul12\\vendor\\laravel\\framework\\src\\Illuminate\\Routing\\Route.php(191): Illuminate\\Routing\\RouteAction::parse('profile', Array)
#2 D:\\Kuliah\\Semester 3\\Modul 12\\modul12\\vendor\\laravel\\framework\\src\\Illuminate\\Routing\\Route.php(172): Illuminate\\Routing\\Route->parseAction(Array)
#3 D:\\Kuliah\\Semester 3\\Modul 12\\modul12\\vendor\\laravel\\framework\\src\\Illuminate\\Routing\\Router.php(669): Illuminate\\Routing\\Route->__construct(Array, 'profile', Array)
#4 D:\\Kuliah\\Semester 3\\Modul 12\\modul12\\vendor\\laravel\\framework\\src\\Illuminate\\Routing\\Router.php(561): Illuminate\\Routing\\Router->newRoute(Array, 'profile', Array)
#5 D:\\Kuliah\\Semester 3\\Modul 12\\modul12\\vendor\\laravel\\framework\\src\\Illuminate\\Routing\\Router.php(541): Illuminate\\Routing\\Router->createRoute(Array, 'profile', Array)
#6 D:\\Kuliah\\Semester 3\\Modul 12\\modul12\\vendor\\laravel\\framework\\src\\Illuminate\\Routing\\Router.php(159): Illuminate\\Routing\\Router->addRoute(Array, 'profile', 'ProfileControll...')
#7 D:\\Kuliah\\Semester 3\\Modul 12\\modul12\\vendor\\laravel\\framework\\src\\Illuminate\\Support\\Facades\\Facade.php(355): Illuminate\\Routing\\Router->get('profile', 'ProfileControll...')
#8 D:\\Kuliah\\Semester 3\\Modul 12\\modul12\\routes\\web.php(24): Illuminate\\Support\\Facades\\Facade::__callStatic('get', Array)
#9 D:\\Kuliah\\Semester 3\\Modul 12\\modul12\\vendor\\laravel\\framework\\src\\Illuminate\\Routing\\RouteFileRegistrar.php(35): require('D:\\\\Kuliah\\\\Semes...')
#10 D:\\Kuliah\\Semester 3\\Modul 12\\modul12\\vendor\\laravel\\framework\\src\\Illuminate\\Routing\\Router.php(511): Illuminate\\Routing\\RouteFileRegistrar->register('D:\\\\Kuliah\\\\Semes...')
#11 D:\\Kuliah\\Semester 3\\Modul 12\\modul12\\vendor\\laravel\\framework\\src\\Illuminate\\Routing\\Router.php(465): Illuminate\\Routing\\Router->loadRoutes('D:\\\\Kuliah\\\\Semes...')
#12 D:\\Kuliah\\Semester 3\\Modul 12\\modul12\\vendor\\laravel\\framework\\src\\Illuminate\\Routing\\RouteRegistrar.php(194): Illuminate\\Routing\\Router->group(Array, 'D:\\\\Kuliah\\\\Semes...')
#13 D:\\Kuliah\\Semester 3\\Modul 12\\modul12\\app\\Providers\\RouteServiceProvider.php(35): Illuminate\\Routing\\RouteRegistrar->group('D:\\\\Kuliah\\\\Semes...')
#14 D:\\Kuliah\\Semester 3\\Modul 12\\modul12\\vendor\\laravel\\framework\\src\\Illuminate\\Container\\BoundMethod.php(36): App\\Providers\\RouteServiceProvider->App\\Providers\\{closure}()
#15 D:\\Kuliah\\Semester 3\\Modul 12\\modul12\\vendor\\laravel\\framework\\src\\Illuminate\\Container\\Util.php(41): Illuminate\\Container\\BoundMethod::Illuminate\\Container\\{closure}()
#16 D:\\Kuliah\\Semester 3\\Modul 12\\modul12\\vendor\\laravel\\framework\\src\\Illuminate\\Container\\BoundMethod.php(81): Illuminate\\Container\\Util::unwrapIfClosure(Object(Closure))
#17 D:\\Kuliah\\Semester 3\\Modul 12\\modul12\\vendor\\laravel\\framework\\src\\Illuminate\\Container\\BoundMethod.php(35): Illuminate\\Container\\BoundMethod::callBoundMethod(Object(Illuminate\\Foundation\\Application), Object(Closure), Object(Closure))
#18 D:\\Kuliah\\Semester 3\\Modul 12\\modul12\\vendor\\laravel\\framework\\src\\Illuminate\\Container\\Container.php(662): Illuminate\\Container\\BoundMethod::call(Object(Illuminate\\Foundation\\Application), Object(Closure), Array, NULL)
#19 D:\\Kuliah\\Semester 3\\Modul 12\\modul12\\vendor\\laravel\\framework\\src\\Illuminate\\Foundation\\Support\\Providers\\RouteServiceProvider.php(120): Illuminate\\Container\\Container->call(Object(Closure))
#20 D:\\Kuliah\\Semester 3\\Modul 12\\modul12\\vendor\\laravel\\framework\\src\\Illuminate\\Foundation\\Support\\Providers\\RouteServiceProvider.php(45): Illuminate\\Foundation\\Support\\Providers\\RouteServiceProvider->loadRoutes()
#21 D:\\Kuliah\\Semester 3\\Modul 12\\modul12\\vendor\\laravel\\framework\\src\\Illuminate\\Container\\BoundMethod.php(36): Illuminate\\Foundation\\Support\\Providers\\RouteServiceProvider->Illuminate\\Foundation\\Support\\Providers\\{closure}()
#22 D:\\Kuliah\\Semester 3\\Modul 12\\modul12\\vendor\\laravel\\framework\\src\\Illuminate\\Container\\Util.php(41): Illuminate\\Container\\BoundMethod::Illuminate\\Container\\{closure}()
#23 D:\\Kuliah\\Semester 3\\Modul 12\\modul12\\vendor\\laravel\\framework\\src\\Illuminate\\Container\\BoundMethod.php(81): Illuminate\\Container\\Util::unwrapIfClosure(Object(Closure))
#24 D:\\Kuliah\\Semester 3\\Modul 12\\modul12\\vendor\\laravel\\framework\\src\\Illuminate\\Container\\BoundMethod.php(35): Illuminate\\Container\\BoundMethod::callBoundMethod(Object(Illuminate\\Foundation\\Application), Object(Closure), Object(Closure))
#25 D:\\Kuliah\\Semester 3\\Modul 12\\modul12\\vendor\\laravel\\framework\\src\\Illuminate\\Container\\Container.php(662): Illuminate\\Container\\BoundMethod::call(Object(Illuminate\\Foundation\\Application), Object(Closure), Array, NULL)
#26 D:\\Kuliah\\Semester 3\\Modul 12\\modul12\\vendor\\laravel\\framework\\src\\Illuminate\\Support\\ServiceProvider.php(119): Illuminate\\Container\\Container->call(Object(Closure))
#27 D:\\Kuliah\\Semester 3\\Modul 12\\modul12\\vendor\\laravel\\framework\\src\\Illuminate\\Foundation\\Application.php(1039): Illuminate\\Support\\ServiceProvider->callBootedCallbacks()
#28 D:\\Kuliah\\Semester 3\\Modul 12\\modul12\\vendor\\laravel\\framework\\src\\Illuminate\\Foundation\\Application.php(1017): Illuminate\\Foundation\\Application->bootProvider(Object(App\\Providers\\RouteServiceProvider))
#29 [internal function]: Illuminate\\Foundation\\Application->Illuminate\\Foundation\\{closure}(Object(App\\Providers\\RouteServiceProvider), 24)
#30 D:\\Kuliah\\Semester 3\\Modul 12\\modul12\\vendor\\laravel\\framework\\src\\Illuminate\\Foundation\\Application.php(1016): array_walk(Array, Object(Closure))
#31 D:\\Kuliah\\Semester 3\\Modul 12\\modul12\\vendor\\laravel\\framework\\src\\Illuminate\\Foundation\\Bootstrap\\BootProviders.php(17): Illuminate\\Foundation\\Application->boot()
#32 D:\\Kuliah\\Semester 3\\Modul 12\\modul12\\vendor\\laravel\\framework\\src\\Illuminate\\Foundation\\Application.php(263): Illuminate\\Foundation\\Bootstrap\\BootProviders->bootstrap(Object(Illuminate\\Foundation\\Application))
#33 D:\\Kuliah\\Semester 3\\Modul 12\\modul12\\vendor\\laravel\\framework\\src\\Illuminate\\Foundation\\Http\\Kernel.php(186): Illuminate\\Foundation\\Application->bootstrapWith(Array)
#34 D:\\Kuliah\\Semester 3\\Modul 12\\modul12\\vendor\\laravel\\framework\\src\\Illuminate\\Foundation\\Http\\Kernel.php(170): Illuminate\\Foundation\\Http\\Kernel->bootstrap()
#35 D:\\Kuliah\\Semester 3\\Modul 12\\modul12\\vendor\\laravel\\framework\\src\\Illuminate\\Foundation\\Http\\Kernel.php(144): Illuminate\\Foundation\\Http\\Kernel->sendRequestThroughRouter(Object(Illuminate\\Http\\Request))
#36 D:\\Kuliah\\Semester 3\\Modul 12\\modul12\\public\\index.php(51): Illuminate\\Foundation\\Http\\Kernel->handle(Object(Illuminate\\Http\\Request))
#37 D:\\Kuliah\\Semester 3\\Modul 12\\modul12\\vendor\\laravel\\framework\\src\\Illuminate\\Foundation\\resources\\server.php(16): require_once('D:\\\\Kuliah\\\\Semes...')
#38 {main}
"} 
[2024-11-28 13:54:48] local.ERROR: syntax error, unexpected token "class" {"exception":"[object] (ParseError(code: 0): syntax error, unexpected token \"class\" at D:\\Kuliah\\Semester 3\\Modul 12\\modul12\\routes\\web.php:24)
[stacktrace]
#0 D:\\Kuliah\\Semester 3\\Modul 12\\modul12\\vendor\\laravel\\framework\\src\\Illuminate\\Routing\\Router.php(511): Illuminate\\Routing\\RouteFileRegistrar->register('D:\\\\Kuliah\\\\Semes...')
#1 D:\\Kuliah\\Semester 3\\Modul 12\\modul12\\vendor\\laravel\\framework\\src\\Illuminate\\Routing\\Router.php(465): Illuminate\\Routing\\Router->loadRoutes('D:\\\\Kuliah\\\\Semes...')
#2 D:\\Kuliah\\Semester 3\\Modul 12\\modul12\\vendor\\laravel\\framework\\src\\Illuminate\\Routing\\RouteRegistrar.php(194): Illuminate\\Routing\\Router->group(Array, 'D:\\\\Kuliah\\\\Semes...')
#3 D:\\Kuliah\\Semester 3\\Modul 12\\modul12\\app\\Providers\\RouteServiceProvider.php(35): Illuminate\\Routing\\RouteRegistrar->group('D:\\\\Kuliah\\\\Semes...')
#4 D:\\Kuliah\\Semester 3\\Modul 12\\modul12\\vendor\\laravel\\framework\\src\\Illuminate\\Container\\BoundMethod.php(36): App\\Providers\\RouteServiceProvider->App\\Providers\\{closure}()
#5 D:\\Kuliah\\Semester 3\\Modul 12\\modul12\\vendor\\laravel\\framework\\src\\Illuminate\\Container\\Util.php(41): Illuminate\\Container\\BoundMethod::Illuminate\\Container\\{closure}()
#6 D:\\Kuliah\\Semester 3\\Modul 12\\modul12\\vendor\\laravel\\framework\\src\\Illuminate\\Container\\BoundMethod.php(81): Illuminate\\Container\\Util::unwrapIfClosure(Object(Closure))
#7 D:\\Kuliah\\Semester 3\\Modul 12\\modul12\\vendor\\laravel\\framework\\src\\Illuminate\\Container\\BoundMethod.php(35): Illuminate\\Container\\BoundMethod::callBoundMethod(Object(Illuminate\\Foundation\\Application), Object(Closure), Object(Closure))
#8 D:\\Kuliah\\Semester 3\\Modul 12\\modul12\\vendor\\laravel\\framework\\src\\Illuminate\\Container\\Container.php(662): Illuminate\\Container\\BoundMethod::call(Object(Illuminate\\Foundation\\Application), Object(Closure), Array, NULL)
#9 D:\\Kuliah\\Semester 3\\Modul 12\\modul12\\vendor\\laravel\\framework\\src\\Illuminate\\Foundation\\Support\\Providers\\RouteServiceProvider.php(120): Illuminate\\Container\\Container->call(Object(Closure))
#10 D:\\Kuliah\\Semester 3\\Modul 12\\modul12\\vendor\\laravel\\framework\\src\\Illuminate\\Foundation\\Support\\Providers\\RouteServiceProvider.php(45): Illuminate\\Foundation\\Support\\Providers\\RouteServiceProvider->loadRoutes()
#11 D:\\Kuliah\\Semester 3\\Modul 12\\modul12\\vendor\\laravel\\framework\\src\\Illuminate\\Container\\BoundMethod.php(36): Illuminate\\Foundation\\Support\\Providers\\RouteServiceProvider->Illuminate\\Foundation\\Support\\Providers\\{closure}()
#12 D:\\Kuliah\\Semester 3\\Modul 12\\modul12\\vendor\\laravel\\framework\\src\\Illuminate\\Container\\Util.php(41): Illuminate\\Container\\BoundMethod::Illuminate\\Container\\{closure}()
#13 D:\\Kuliah\\Semester 3\\Modul 12\\modul12\\vendor\\laravel\\framework\\src\\Illuminate\\Container\\BoundMethod.php(81): Illuminate\\Container\\Util::unwrapIfClosure(Object(Closure))
#14 D:\\Kuliah\\Semester 3\\Modul 12\\modul12\\vendor\\laravel\\framework\\src\\Illuminate\\Container\\BoundMethod.php(35): Illuminate\\Container\\BoundMethod::callBoundMethod(Object(Illuminate\\Foundation\\Application), Object(Closure), Object(Closure))
#15 D:\\Kuliah\\Semester 3\\Modul 12\\modul12\\vendor\\laravel\\framework\\src\\Illuminate\\Container\\Container.php(662): Illuminate\\Container\\BoundMethod::call(Object(Illuminate\\Foundation\\Application), Object(Closure), Array, NULL)
#16 D:\\Kuliah\\Semester 3\\Modul 12\\modul12\\vendor\\laravel\\framework\\src\\Illuminate\\Support\\ServiceProvider.php(119): Illuminate\\Container\\Container->call(Object(Closure))
#17 D:\\Kuliah\\Semester 3\\Modul 12\\modul12\\vendor\\laravel\\framework\\src\\Illuminate\\Foundation\\Application.php(1039): Illuminate\\Support\\ServiceProvider->callBootedCallbacks()
#18 D:\\Kuliah\\Semester 3\\Modul 12\\modul12\\vendor\\laravel\\framework\\src\\Illuminate\\Foundation\\Application.php(1017): Illuminate\\Foundation\\Application->bootProvider(Object(App\\Providers\\RouteServiceProvider))
#19 [internal function]: Illuminate\\Foundation\\Application->Illuminate\\Foundation\\{closure}(Object(App\\Providers\\RouteServiceProvider), 24)
#20 D:\\Kuliah\\Semester 3\\Modul 12\\modul12\\vendor\\laravel\\framework\\src\\Illuminate\\Foundation\\Application.php(1016): array_walk(Array, Object(Closure))
#21 D:\\Kuliah\\Semester 3\\Modul 12\\modul12\\vendor\\laravel\\framework\\src\\Illuminate\\Foundation\\Bootstrap\\BootProviders.php(17): Illuminate\\Foundation\\Application->boot()
#22 D:\\Kuliah\\Semester 3\\Modul 12\\modul12\\vendor\\laravel\\framework\\src\\Illuminate\\Foundation\\Application.php(263): Illuminate\\Foundation\\Bootstrap\\BootProviders->bootstrap(Object(Illuminate\\Foundation\\Application))
#23 D:\\Kuliah\\Semester 3\\Modul 12\\modul12\\vendor\\laravel\\framework\\src\\Illuminate\\Foundation\\Http\\Kernel.php(186): Illuminate\\Foundation\\Application->bootstrapWith(Array)
#24 D:\\Kuliah\\Semester 3\\Modul 12\\modul12\\vendor\\laravel\\framework\\src\\Illuminate\\Foundation\\Http\\Kernel.php(170): Illuminate\\Foundation\\Http\\Kernel->bootstrap()
#25 D:\\Kuliah\\Semester 3\\Modul 12\\modul12\\vendor\\laravel\\framework\\src\\Illuminate\\Foundation\\Http\\Kernel.php(144): Illuminate\\Foundation\\Http\\Kernel->sendRequestThroughRouter(Object(Illuminate\\Http\\Request))
#26 D:\\Kuliah\\Semester 3\\Modul 12\\modul12\\public\\index.php(51): Illuminate\\Foundation\\Http\\Kernel->handle(Object(Illuminate\\Http\\Request))
#27 D:\\Kuliah\\Semester 3\\Modul 12\\modul12\\vendor\\laravel\\framework\\src\\Illuminate\\Foundation\\resources\\server.php(16): require_once('D:\\\\Kuliah\\\\Semes...')
#28 {main}
"} 
[2024-11-28 13:54:53] local.ERROR: Invalid route action: [ProfileController]. {"exception":"[object] (UnexpectedValueException(code: 0): Invalid route action: [ProfileController]. at D:\\Kuliah\\Semester 3\\Modul 12\\modul12\\vendor\\laravel\\framework\\src\\Illuminate\\Routing\\RouteAction.php:92)
[stacktrace]
#0 D:\\Kuliah\\Semester 3\\Modul 12\\modul12\\vendor\\laravel\\framework\\src\\Illuminate\\Routing\\RouteAction.php(47): Illuminate\\Routing\\RouteAction::makeInvokable('ProfileControll...')
#1 D:\\Kuliah\\Semester 3\\Modul 12\\modul12\\vendor\\laravel\\framework\\src\\Illuminate\\Routing\\Route.php(191): Illuminate\\Routing\\RouteAction::parse('profile', Array)
#2 D:\\Kuliah\\Semester 3\\Modul 12\\modul12\\vendor\\laravel\\framework\\src\\Illuminate\\Routing\\Route.php(172): Illuminate\\Routing\\Route->parseAction(Array)
#3 D:\\Kuliah\\Semester 3\\Modul 12\\modul12\\vendor\\laravel\\framework\\src\\Illuminate\\Routing\\Router.php(669): Illuminate\\Routing\\Route->__construct(Array, 'profile', Array)
#4 D:\\Kuliah\\Semester 3\\Modul 12\\modul12\\vendor\\laravel\\framework\\src\\Illuminate\\Routing\\Router.php(561): Illuminate\\Routing\\Router->newRoute(Array, 'profile', Array)
#5 D:\\Kuliah\\Semester 3\\Modul 12\\modul12\\vendor\\laravel\\framework\\src\\Illuminate\\Routing\\Router.php(541): Illuminate\\Routing\\Router->createRoute(Array, 'profile', Array)
#6 D:\\Kuliah\\Semester 3\\Modul 12\\modul12\\vendor\\laravel\\framework\\src\\Illuminate\\Routing\\Router.php(159): Illuminate\\Routing\\Router->addRoute(Array, 'profile', 'ProfileControll...')
#7 D:\\Kuliah\\Semester 3\\Modul 12\\modul12\\vendor\\laravel\\framework\\src\\Illuminate\\Support\\Facades\\Facade.php(355): Illuminate\\Routing\\Router->get('profile', 'ProfileControll...')
#8 D:\\Kuliah\\Semester 3\\Modul 12\\modul12\\routes\\web.php(24): Illuminate\\Support\\Facades\\Facade::__callStatic('get', Array)
#9 D:\\Kuliah\\Semester 3\\Modul 12\\modul12\\vendor\\laravel\\framework\\src\\Illuminate\\Routing\\RouteFileRegistrar.php(35): require('D:\\\\Kuliah\\\\Semes...')
#10 D:\\Kuliah\\Semester 3\\Modul 12\\modul12\\vendor\\laravel\\framework\\src\\Illuminate\\Routing\\Router.php(511): Illuminate\\Routing\\RouteFileRegistrar->register('D:\\\\Kuliah\\\\Semes...')
#11 D:\\Kuliah\\Semester 3\\Modul 12\\modul12\\vendor\\laravel\\framework\\src\\Illuminate\\Routing\\Router.php(465): Illuminate\\Routing\\Router->loadRoutes('D:\\\\Kuliah\\\\Semes...')
#12 D:\\Kuliah\\Semester 3\\Modul 12\\modul12\\vendor\\laravel\\framework\\src\\Illuminate\\Routing\\RouteRegistrar.php(194): Illuminate\\Routing\\Router->group(Array, 'D:\\\\Kuliah\\\\Semes...')
#13 D:\\Kuliah\\Semester 3\\Modul 12\\modul12\\app\\Providers\\RouteServiceProvider.php(35): Illuminate\\Routing\\RouteRegistrar->group('D:\\\\Kuliah\\\\Semes...')
#14 D:\\Kuliah\\Semester 3\\Modul 12\\modul12\\vendor\\laravel\\framework\\src\\Illuminate\\Container\\BoundMethod.php(36): App\\Providers\\RouteServiceProvider->App\\Providers\\{closure}()
#15 D:\\Kuliah\\Semester 3\\Modul 12\\modul12\\vendor\\laravel\\framework\\src\\Illuminate\\Container\\Util.php(41): Illuminate\\Container\\BoundMethod::Illuminate\\Container\\{closure}()
#16 D:\\Kuliah\\Semester 3\\Modul 12\\modul12\\vendor\\laravel\\framework\\src\\Illuminate\\Container\\BoundMethod.php(81): Illuminate\\Container\\Util::unwrapIfClosure(Object(Closure))
#17 D:\\Kuliah\\Semester 3\\Modul 12\\modul12\\vendor\\laravel\\framework\\src\\Illuminate\\Container\\BoundMethod.php(35): Illuminate\\Container\\BoundMethod::callBoundMethod(Object(Illuminate\\Foundation\\Application), Object(Closure), Object(Closure))
#18 D:\\Kuliah\\Semester 3\\Modul 12\\modul12\\vendor\\laravel\\framework\\src\\Illuminate\\Container\\Container.php(662): Illuminate\\Container\\BoundMethod::call(Object(Illuminate\\Foundation\\Application), Object(Closure), Array, NULL)
#19 D:\\Kuliah\\Semester 3\\Modul 12\\modul12\\vendor\\laravel\\framework\\src\\Illuminate\\Foundation\\Support\\Providers\\RouteServiceProvider.php(120): Illuminate\\Container\\Container->call(Object(Closure))
#20 D:\\Kuliah\\Semester 3\\Modul 12\\modul12\\vendor\\laravel\\framework\\src\\Illuminate\\Foundation\\Support\\Providers\\RouteServiceProvider.php(45): Illuminate\\Foundation\\Support\\Providers\\RouteServiceProvider->loadRoutes()
#21 D:\\Kuliah\\Semester 3\\Modul 12\\modul12\\vendor\\laravel\\framework\\src\\Illuminate\\Container\\BoundMethod.php(36): Illuminate\\Foundation\\Support\\Providers\\RouteServiceProvider->Illuminate\\Foundation\\Support\\Providers\\{closure}()
#22 D:\\Kuliah\\Semester 3\\Modul 12\\modul12\\vendor\\laravel\\framework\\src\\Illuminate\\Container\\Util.php(41): Illuminate\\Container\\BoundMethod::Illuminate\\Container\\{closure}()
#23 D:\\Kuliah\\Semester 3\\Modul 12\\modul12\\vendor\\laravel\\framework\\src\\Illuminate\\Container\\BoundMethod.php(81): Illuminate\\Container\\Util::unwrapIfClosure(Object(Closure))
#24 D:\\Kuliah\\Semester 3\\Modul 12\\modul12\\vendor\\laravel\\framework\\src\\Illuminate\\Container\\BoundMethod.php(35): Illuminate\\Container\\BoundMethod::callBoundMethod(Object(Illuminate\\Foundation\\Application), Object(Closure), Object(Closure))
#25 D:\\Kuliah\\Semester 3\\Modul 12\\modul12\\vendor\\laravel\\framework\\src\\Illuminate\\Container\\Container.php(662): Illuminate\\Container\\BoundMethod::call(Object(Illuminate\\Foundation\\Application), Object(Closure), Array, NULL)
#26 D:\\Kuliah\\Semester 3\\Modul 12\\modul12\\vendor\\laravel\\framework\\src\\Illuminate\\Support\\ServiceProvider.php(119): Illuminate\\Container\\Container->call(Object(Closure))
#27 D:\\Kuliah\\Semester 3\\Modul 12\\modul12\\vendor\\laravel\\framework\\src\\Illuminate\\Foundation\\Application.php(1039): Illuminate\\Support\\ServiceProvider->callBootedCallbacks()
#28 D:\\Kuliah\\Semester 3\\Modul 12\\modul12\\vendor\\laravel\\framework\\src\\Illuminate\\Foundation\\Application.php(1017): Illuminate\\Foundation\\Application->bootProvider(Object(App\\Providers\\RouteServiceProvider))
#29 [internal function]: Illuminate\\Foundation\\Application->Illuminate\\Foundation\\{closure}(Object(App\\Providers\\RouteServiceProvider), 24)
#30 D:\\Kuliah\\Semester 3\\Modul 12\\modul12\\vendor\\laravel\\framework\\src\\Illuminate\\Foundation\\Application.php(1016): array_walk(Array, Object(Closure))
#31 D:\\Kuliah\\Semester 3\\Modul 12\\modul12\\vendor\\laravel\\framework\\src\\Illuminate\\Foundation\\Bootstrap\\BootProviders.php(17): Illuminate\\Foundation\\Application->boot()
#32 D:\\Kuliah\\Semester 3\\Modul 12\\modul12\\vendor\\laravel\\framework\\src\\Illuminate\\Foundation\\Application.php(263): Illuminate\\Foundation\\Bootstrap\\BootProviders->bootstrap(Object(Illuminate\\Foundation\\Application))
#33 D:\\Kuliah\\Semester 3\\Modul 12\\modul12\\vendor\\laravel\\framework\\src\\Illuminate\\Foundation\\Http\\Kernel.php(186): Illuminate\\Foundation\\Application->bootstrapWith(Array)
#34 D:\\Kuliah\\Semester 3\\Modul 12\\modul12\\vendor\\laravel\\framework\\src\\Illuminate\\Foundation\\Http\\Kernel.php(170): Illuminate\\Foundation\\Http\\Kernel->bootstrap()
#35 D:\\Kuliah\\Semester 3\\Modul 12\\modul12\\vendor\\laravel\\framework\\src\\Illuminate\\Foundation\\Http\\Kernel.php(144): Illuminate\\Foundation\\Http\\Kernel->sendRequestThroughRouter(Object(Illuminate\\Http\\Request))
#36 D:\\Kuliah\\Semester 3\\Modul 12\\modul12\\public\\index.php(51): Illuminate\\Foundation\\Http\\Kernel->handle(Object(Illuminate\\Http\\Request))
#37 D:\\Kuliah\\Semester 3\\Modul 12\\modul12\\vendor\\laravel\\framework\\src\\Illuminate\\Foundation\\resources\\server.php(16): require_once('D:\\\\Kuliah\\\\Semes...')
#38 {main}
"} 
[2024-11-28 14:02:02] local.ERROR: Cannot use App\Http\Controllers\ProfileController as ProfileController because the name is already in use {"exception":"[object] (Symfony\\Component\\ErrorHandler\\Error\\FatalError(code: 0): Cannot use App\\Http\\Controllers\\ProfileController as ProfileController because the name is already in use at D:\\Kuliah\\Semester 3\\Modul 12\\modul12\\routes\\web.php:28)
[stacktrace]
#0 {main}
"} 
[2024-11-28 14:02:05] local.ERROR: Cannot use App\Http\Controllers\ProfileController as ProfileController because the name is already in use {"exception":"[object] (Symfony\\Component\\ErrorHandler\\Error\\FatalError(code: 0): Cannot use App\\Http\\Controllers\\ProfileController as ProfileController because the name is already in use at D:\\Kuliah\\Semester 3\\Modul 12\\modul12\\routes\\web.php:27)
[stacktrace]
#0 {main}
"} 
